<?xml version="1.0" encoding="UTF-8"?>
<testng-results skipped="0" failed="0" ignored="0" total="2" passed="2">
  <reporter-output>
  </reporter-output>
  <suite name="com.hyder.testcase.BookFlightTest" duration-ms="41705" started-at="2019-08-15T10:33:59Z" finished-at="2019-08-15T10:34:41Z">
    <groups>
    </groups>
    <test name="Command line test" duration-ms="41705" started-at="2019-08-15T10:33:59Z" finished-at="2019-08-15T10:34:41Z">
      <class name="com.hyder.testcase.BookFlightTest">
        <test-method status="PASS" signature="beforeClass()[pri:0, instance:com.hyder.testcase.BookFlightTest@79b4d0f]" name="beforeClass" is-config="true" duration-ms="815" started-at="2019-08-15T10:33:59Z" finished-at="2019-08-15T10:34:00Z">
          <reporter-output>
          </reporter-output>
        </test-method> <!-- beforeClass -->
        <test-method status="PASS" signature="beforeMethod(java.lang.reflect.Method)[pri:0, instance:com.hyder.testcase.BookFlightTest@79b4d0f]" name="beforeMethod" is-config="true" duration-ms="107" started-at="2019-08-15T10:34:00Z" finished-at="2019-08-15T10:34:00Z">
          <params>
            <param index="0">
              <value>
                <![CDATA[public void com.hyder.testcase.BookFlightTest.firstTestCase()]]>
              </value>
            </param>
          </params>
          <reporter-output>
          </reporter-output>
        </test-method> <!-- beforeMethod -->
        <test-method status="PASS" signature="firstTestCase()[pri:0, instance:com.hyder.testcase.BookFlightTest@79b4d0f]" name="firstTestCase" duration-ms="17814" started-at="2019-08-15T10:34:00Z" finished-at="2019-08-15T10:34:18Z">
          <reporter-output>
          </reporter-output>
        </test-method> <!-- firstTestCase -->
        <test-method status="PASS" signature="afterMethod()[pri:0, instance:com.hyder.testcase.BookFlightTest@79b4d0f]" name="afterMethod" is-config="true" duration-ms="1329" started-at="2019-08-15T10:34:18Z" finished-at="2019-08-15T10:34:19Z">
          <reporter-output>
          </reporter-output>
        </test-method> <!-- afterMethod -->
        <test-method status="PASS" signature="beforeMethod(java.lang.reflect.Method)[pri:0, instance:com.hyder.testcase.BookFlightTest@79b4d0f]" name="beforeMethod" is-config="true" duration-ms="144" started-at="2019-08-15T10:34:19Z" finished-at="2019-08-15T10:34:19Z">
          <params>
            <param index="0">
              <value>
                <![CDATA[public void com.hyder.testcase.BookFlightTest.secondTestCase()]]>
              </value>
            </param>
          </params>
          <reporter-output>
          </reporter-output>
        </test-method> <!-- beforeMethod -->
        <test-method status="PASS" signature="secondTestCase()[pri:0, instance:com.hyder.testcase.BookFlightTest@79b4d0f]" name="secondTestCase" duration-ms="16472" started-at="2019-08-15T10:34:19Z" finished-at="2019-08-15T10:34:36Z">
          <reporter-output>
          </reporter-output>
        </test-method> <!-- secondTestCase -->
        <test-method status="PASS" signature="afterMethod()[pri:0, instance:com.hyder.testcase.BookFlightTest@79b4d0f]" name="afterMethod" is-config="true" duration-ms="4980" started-at="2019-08-15T10:34:36Z" finished-at="2019-08-15T10:34:41Z">
          <reporter-output>
          </reporter-output>
        </test-method> <!-- afterMethod -->
      </class> <!-- com.hyder.testcase.BookFlightTest -->
    </test> <!-- Command line test -->
  </suite> <!-- com.hyder.testcase.BookFlightTest -->
</testng-results>
